--------------------Moonraker Log Start--------------------
data_path: /home/pi/printer_data
is_default_data_path: False
config_file: /home/pi/printer_data/config/moonraker.conf
startup_warnings: []
verbose: False
debug: False
asyncio_debug: False
is_backup_config: False
is_python_package: False
log_file: /home/pi/printer_data/logs/moonraker.log
software_version: v0.8.0-23-g18f5ff4
python_version: 3.9.2 (default, Mar 12 2021, 04:06:34)  [GCC 10.2.1 20210110]

#################### Moonraker Configuration ####################

[server]
host = 0.0.0.0
port = 7125
klippy_uds_address = /home/pi/printer_data/comms/klippy.sock

[authorization]
trusted_clients = 
	10.0.0.0/8
	127.0.0.0/8
	169.254.0.0/16
	172.16.0.0/12
	192.168.0.0/16
	FE80::/10
	::1/128
cors_domains = 
	*.lan
	*.local
	*://localhost
	*://localhost:*
	*://my.mainsail.xyz
	*://app.fluidd.xyz

[octoprint_compat]

[history]

[update_manager]
channel = dev
refresh_interval = 168

[update_manager mainsail-config]
type = git_repo
primary_branch = master
path = ~/mainsail-config
origin = https://github.com/mainsail-crew/mainsail-config.git
managed_services = klipper

[update_manager mainsail]
type = web
channel = stable
repo = mainsail-crew/mainsail
path = ~/mainsail

#################################################################
All Configuration Files:
/home/pi/printer_data/config/moonraker.conf
#################################################################
Unsafe Shutdown Count: 4

System Info:

***python***
  version: sys.version_info(major=3, minor=9, micro=2, releaselevel='final', serial=0)
  version_string: 3.9.2 (default, Mar 12 2021, 04:06:34)  [GCC 10.2.1 20210110]

***cpu_info***
  cpu_count: 4
  bits: 32bit
  processor: armv7l
  cpu_desc: ARMv7 Processor rev 3 (v7l)
  serial_number: 10000000df4d851c
  hardware_desc: BCM2711
  model: Raspberry Pi 4 Model B Rev 1.5
  total_memory: 1917292
  memory_units: kB

***sd_info***
  manufacturer_id: 03
  manufacturer: Sandisk
  oem_id: 5344
  product_name: SL32G
  product_revision: 8.0
  serial_number: 1ad48933
  manufacturer_date: 5/2021
  capacity: 29.7 GiB
  total_bytes: 31914983424

***distribution***
  name: Raspbian GNU/Linux 11 (bullseye)
  id: raspbian
  version: 11
  version_parts: {'major': '11', 'minor': '', 'build_number': ''}
  like: debian
  codename: bullseye
  release_info: {}

***virtualization***
  virt_type: none
  virt_identifier: none

***network***

***canbus***

***Allowed Services***
  klipper_mcu
  webcamd
  MoonCord
  KlipperScreen
  moonraker-telegram-bot
  moonraker-obico
  sonar
  crowsnest
  octoeverywhere

Systemd unit moonraker.service:
unit_name: moonraker.service
is_default: True
manager: systemd
Properties:
**Requires=['network-online.target', 'sysinit.target', 'system.slice', '-.mount']
**After=['network-online.target', 'sysinit.target', 'system.slice', '-.mount', 'systemd-journald.socket', 'basic.target']
**SupplementaryGroups=['moonraker-admin']
**EnvironmentFiles=/home/pi/printer_data/systemd/moonraker.env
**ExecStart=/home/pi/moonraker-env/bin/python $MOONRAKER_ARGS
**WorkingDirectory=/home/pi/moonraker
**FragmentPath=/etc/systemd/system/moonraker.service
**Description=API Server for Klipper SV1
**User=pi

Systemd unit klipper.service:
unit_name: klipper.service
is_default: True
manager: systemd
Properties:
**Requires=['sysinit.target', 'system.slice', '-.mount']
**After=['network-online.target', 'systemd-journald.socket', 'system.slice', 'sysinit.target', 'basic.target', '-.mount']
**SupplementaryGroups=[]
**EnvironmentFiles=/home/pi/printer_data/systemd/klipper.env
**ExecStart=/home/pi/klippy-env/bin/python $KLIPPER_ARGS
**WorkingDirectory=/home/pi/klipper
**FragmentPath=/etc/systemd/system/klipper.service
**Description=Klipper 3D Printer Firmware SV1
**User=pi
Klipper Version: v0.11.0-121-ga5fb2076
2023-03-03 00:00:39,589 [authorization.py:_prune_conn_handler()] - Trusted Connection Expired, IP: 192.168.4.31
2023-03-03 00:01:39,010 [authorization.py:_check_trusted_connection()] - Trusted Connection Detected, IP: 192.168.4.31
2023-03-03 00:01:39,013 [app.py:log_request()] - 101 GET /websocket (192.168.4.31) [_TRUSTED_USER_] 7.67ms
2023-03-03 00:01:39,014 [websockets.py:open()] - Websocket Opened: ID: 2823417184, Proxied: True, User Agent: Mozilla/5.0 (Windows NT 10.0; Win64; x64) AppleWebKit/537.36 (KHTML, like Gecko) Chrome/110.0.0.0 Safari/537.36, Host Name: 192.168.4.51
2023-03-03 00:01:39,153 [websockets.py:_handle_identify()] - Websocket 2823417184 Client Identified - Name: mainsail, Version: 2.4.1, Type: web
2023-03-03 00:09:26,831 [app.py:log_request()] - 201 POST /server/files/upload (192.168.4.31) [_TRUSTED_USER_] 18.51ms
2023-03-03 00:09:26,854 [klippy_connection.py:_on_connection_closed()] - Klippy Connection Removed
2023-03-03 00:09:28,113 [klippy_connection.py:_do_connect()] - Klippy Connection Established
2023-03-03 00:09:30,220 [klippy_connection.py:_request_initial_subscriptions()] - Webhooks Subscribed
2023-03-03 00:09:30,222 [klippy_connection.py:_request_initial_subscriptions()] - GCode Output Subscribed
2023-03-03 00:09:30,225 [klippy_connection.py:_check_ready()] - 
Pin 'gpio18' is not a valid pin name on mcu 'mcu'

Once the underlying issue is corrected, use the "RESTART"
command to reload the config and restart the host software.
Printer is halted

2023-03-03 00:12:01,234 [app.py:log_request()] - 201 POST /server/files/upload (192.168.4.31) [_TRUSTED_USER_] 16.02ms
2023-03-03 00:12:01,291 [klippy_connection.py:_on_connection_closed()] - Klippy Connection Removed
2023-03-03 00:12:02,551 [klippy_connection.py:_do_connect()] - Klippy Connection Established
2023-03-03 00:12:09,189 [klippy_connection.py:_request_initial_subscriptions()] - Webhooks Subscribed
2023-03-03 00:12:09,192 [klippy_connection.py:_request_initial_subscriptions()] - GCode Output Subscribed
2023-03-03 00:12:09,195 [klippy_connection.py:_check_ready()] - 
Pin 'gpio18' is not a valid pin name on mcu 'mcu'

Once the underlying issue is corrected, use the "RESTART"
command to reload the config and restart the host software.
Printer is halted

2023-03-03 00:12:33,893 [app.py:log_request()] - 201 POST /server/files/upload (192.168.4.31) [_TRUSTED_USER_] 18.09ms
2023-03-03 00:12:33,952 [klippy_connection.py:_on_connection_closed()] - Klippy Connection Removed
2023-03-03 00:12:35,211 [klippy_connection.py:_do_connect()] - Klippy Connection Established
2023-03-03 00:12:41,844 [klippy_connection.py:_request_initial_subscriptions()] - Webhooks Subscribed
2023-03-03 00:12:41,847 [klippy_connection.py:_request_initial_subscriptions()] - GCode Output Subscribed
2023-03-03 00:12:41,852 [klippy_connection.py:_check_ready()] - 
Pin 'controller_fan_pins' is not a valid pin name on mcu 'mcu'

Once the underlying issue is corrected, use the "RESTART"
command to reload the config and restart the host software.
Printer is halted

2023-03-03 00:13:34,394 [app.py:log_request()] - 201 POST /server/files/upload (192.168.4.31) [_TRUSTED_USER_] 19.82ms
2023-03-03 00:13:34,444 [klippy_connection.py:_on_connection_closed()] - Klippy Connection Removed
2023-03-03 00:13:35,703 [klippy_connection.py:_do_connect()] - Klippy Connection Established
2023-03-03 00:13:36,009 [klippy_connection.py:_request_initial_subscriptions()] - Webhooks Subscribed
2023-03-03 00:13:36,010 [klippy_connection.py:_request_initial_subscriptions()] - GCode Output Subscribed
2023-03-03 00:13:36,012 [klippy_connection.py:_check_ready()] - 
Invalid pin description 'PD14, PD13'
Format is: [!] [chip_name:] pin_name

Once the underlying issue is corrected, use the "RESTART"
command to reload the config and restart the host software.
Printer is halted

2023-03-03 00:15:03,315 [app.py:log_request()] - 201 POST /server/files/upload (192.168.4.31) [_TRUSTED_USER_] 19.03ms
2023-03-03 00:15:03,335 [klippy_connection.py:_on_connection_closed()] - Klippy Connection Removed
2023-03-03 00:15:04,595 [klippy_connection.py:_do_connect()] - Klippy Connection Established
2023-03-03 00:15:06,168 [klippy_connection.py:_request_initial_subscriptions()] - Webhooks Subscribed
2023-03-03 00:15:06,170 [klippy_connection.py:_request_initial_subscriptions()] - GCode Output Subscribed
2023-03-03 00:15:06,173 [klippy_connection.py:_check_ready()] - 
One or more of these steppers are unknown: ('X', 'Y', 'Z', 'Z1', 'Z2', 'Z3') (valid steppers are: stepper_x, stepper_y, stepper_z, stepper_z1, stepper_z2, stepper_z3, extruder)

Once the underlying issue is corrected, use the "RESTART"
command to reload the config and restart the host software.
Printer is halted

2023-03-03 00:15:29,859 [app.py:log_request()] - 201 POST /server/files/upload (192.168.4.31) [_TRUSTED_USER_] 16.21ms
2023-03-03 00:15:29,911 [klippy_connection.py:_on_connection_closed()] - Klippy Connection Removed
2023-03-03 00:15:31,171 [klippy_connection.py:_do_connect()] - Klippy Connection Established
2023-03-03 00:15:38,317 [klippy_connection.py:_request_initial_subscriptions()] - Webhooks Subscribed
2023-03-03 00:15:38,320 [klippy_connection.py:_request_initial_subscriptions()] - GCode Output Subscribed
2023-03-03 00:15:38,323 [app.py:register_remote_handler()] - Registering HTTP endpoint: (GET POST) /printer/motion_report/dump_trapq
2023-03-03 00:15:38,325 [websockets.py:register_api_handler()] - Registering Websocket JSON-RPC methods: printer.motion_report.dump_trapq
2023-03-03 00:15:38,568 [job_state.py:_handle_started()] - Job state initialized: standby
2023-03-03 00:15:38,829 [server.py:add_warning()] - GCode path received from Klipper does not match expected location.

Received: '/home/pi/gcode_files'
Expected: '/home/pi/printer_data/gcodes'

Modify the [virtual_sdcard] section Klipper's configuration to correct this error.

[virtual_sdcard]
path: /home/pi/printer_data/gcodes
2023-03-03 00:15:38,841 [klippy_connection.py:_check_ready()] - Klippy ready
2023-03-03 00:15:39,333 [data_store.py:_init_sensors()] - Configuring available sensors: ['heater_bed', 'temperature_sensor Octopus', 'temperature_sensor RaspberryPi', 'temperature_sensor Enclosure', 'temperature_sensor Fly-SHT', 'extruder']
2023-03-03 00:28:34,516 [app.py:log_request()] - 201 POST /server/files/upload (192.168.4.31) [_TRUSTED_USER_] 18.41ms
2023-03-03 00:28:39,672 [app.py:log_request()] - 201 POST /server/files/upload (192.168.4.31) [_TRUSTED_USER_] 17.65ms
2023-03-03 00:28:40,737 [klippy_connection.py:_on_connection_closed()] - Klippy Connection Removed
2023-03-03 00:28:41,997 [klippy_connection.py:_do_connect()] - Klippy Connection Established
2023-03-03 00:28:49,175 [klippy_connection.py:_request_initial_subscriptions()] - Webhooks Subscribed
2023-03-03 00:28:49,176 [klippy_connection.py:_request_initial_subscriptions()] - GCode Output Subscribed
2023-03-03 00:28:49,426 [job_state.py:_handle_started()] - Job state initialized: standby
2023-03-03 00:28:49,681 [server.py:add_warning()] - GCode path received from Klipper does not match expected location.

Received: '/home/pi/gcode_files'
Expected: '/home/pi/printer_data/gcodes'

Modify the [virtual_sdcard] section Klipper's configuration to correct this error.

[virtual_sdcard]
path: /home/pi/printer_data/gcodes
2023-03-03 00:28:49,686 [klippy_connection.py:_check_ready()] - Klippy ready
2023-03-03 00:28:50,194 [data_store.py:_init_sensors()] - Configuring available sensors: ['heater_bed', 'temperature_sensor Octopus', 'temperature_sensor RaspberryPi', 'temperature_sensor Enclosure', 'temperature_sensor Fly-SHT', 'extruder']
2023-03-03 00:30:11,085 [app.py:log_request()] - 201 POST /server/files/upload (192.168.4.31) [_TRUSTED_USER_] 17.41ms
2023-03-03 00:30:11,118 [app.py:log_request()] - 201 POST /server/files/upload (192.168.4.31) [_TRUSTED_USER_] 14.15ms
2023-03-03 00:30:11,152 [app.py:log_request()] - 201 POST /server/files/upload (192.168.4.31) [_TRUSTED_USER_] 14.34ms
2023-03-03 00:30:11,176 [app.py:log_request()] - 201 POST /server/files/upload (192.168.4.31) [_TRUSTED_USER_] 5.97ms
2023-03-03 00:30:11,198 [app.py:log_request()] - 201 POST /server/files/upload (192.168.4.31) [_TRUSTED_USER_] 7.04ms
2023-03-03 00:30:11,236 [app.py:log_request()] - 201 POST /server/files/upload (192.168.4.31) [_TRUSTED_USER_] 6.15ms
2023-03-03 00:30:11,259 [app.py:log_request()] - 201 POST /server/files/upload (192.168.4.31) [_TRUSTED_USER_] 6.11ms
2023-03-03 00:30:11,287 [app.py:log_request()] - 201 POST /server/files/upload (192.168.4.31) [_TRUSTED_USER_] 6.99ms
2023-03-03 00:30:11,314 [app.py:log_request()] - 201 POST /server/files/upload (192.168.4.31) [_TRUSTED_USER_] 7.10ms
2023-03-03 00:30:11,339 [app.py:log_request()] - 201 POST /server/files/upload (192.168.4.31) [_TRUSTED_USER_] 5.45ms
2023-03-03 00:30:19,459 [app.py:log_request()] - 201 POST /server/files/upload (192.168.4.31) [_TRUSTED_USER_] 17.54ms
2023-03-03 00:30:20,519 [klippy_connection.py:_on_connection_closed()] - Klippy Connection Removed
2023-03-03 00:30:21,779 [klippy_connection.py:_do_connect()] - Klippy Connection Established
2023-03-03 00:30:29,112 [klippy_connection.py:_request_initial_subscriptions()] - Webhooks Subscribed
2023-03-03 00:30:29,114 [klippy_connection.py:_request_initial_subscriptions()] - GCode Output Subscribed
2023-03-03 00:30:29,363 [job_state.py:_handle_started()] - Job state initialized: standby
2023-03-03 00:30:29,628 [server.py:add_warning()] - GCode path received from Klipper does not match expected location.

Received: '/home/pi/gcode_files'
Expected: '/home/pi/printer_data/gcodes'

Modify the [virtual_sdcard] section Klipper's configuration to correct this error.

[virtual_sdcard]
path: /home/pi/printer_data/gcodes
2023-03-03 00:30:29,640 [klippy_connection.py:_check_ready()] - Klippy ready
2023-03-03 00:30:30,143 [data_store.py:_init_sensors()] - Configuring available sensors: ['heater_bed', 'temperature_sensor Octopus', 'temperature_sensor RaspberryPi', 'temperature_sensor Enclosure', 'temperature_sensor Fly-SHT', 'extruder']
2023-03-03 00:33:11,402 [app.py:log_request()] - 201 POST /server/files/upload (192.168.4.31) [_TRUSTED_USER_] 18.36ms
2023-03-03 00:33:12,462 [klippy_connection.py:_on_connection_closed()] - Klippy Connection Removed
2023-03-03 00:33:13,723 [klippy_connection.py:_do_connect()] - Klippy Connection Established
2023-03-03 00:33:21,262 [klippy_connection.py:_request_initial_subscriptions()] - Webhooks Subscribed
2023-03-03 00:33:21,264 [klippy_connection.py:_request_initial_subscriptions()] - GCode Output Subscribed
2023-03-03 00:33:21,513 [job_state.py:_handle_started()] - Job state initialized: standby
2023-03-03 00:33:21,774 [server.py:add_warning()] - GCode path received from Klipper does not match expected location.

Received: '/home/pi/gcode_files'
Expected: '/home/pi/printer_data/gcodes'

Modify the [virtual_sdcard] section Klipper's configuration to correct this error.

[virtual_sdcard]
path: /home/pi/printer_data/gcodes
2023-03-03 00:33:21,783 [klippy_connection.py:_check_ready()] - Klippy ready
2023-03-03 00:33:22,284 [data_store.py:_init_sensors()] - Configuring available sensors: ['heater_bed', 'temperature_sensor Octopus', 'temperature_sensor RaspberryPi', 'temperature_sensor Enclosure', 'temperature_sensor Fly-SHT', 'extruder']
2023-03-03 00:41:37,580 [app.py:log_request()] - 201 POST /server/files/upload (192.168.4.31) [_TRUSTED_USER_] 16.86ms
2023-03-03 00:41:38,644 [klippy_connection.py:_on_connection_closed()] - Klippy Connection Removed
2023-03-03 00:41:39,905 [klippy_connection.py:_do_connect()] - Klippy Connection Established
2023-03-03 00:41:47,357 [klippy_connection.py:_request_initial_subscriptions()] - Webhooks Subscribed
2023-03-03 00:41:47,360 [klippy_connection.py:_request_initial_subscriptions()] - GCode Output Subscribed
2023-03-03 00:41:47,608 [job_state.py:_handle_started()] - Job state initialized: standby
2023-03-03 00:41:47,875 [server.py:add_warning()] - GCode path received from Klipper does not match expected location.

Received: '/home/pi/gcode_files'
Expected: '/home/pi/printer_data/gcodes'

Modify the [virtual_sdcard] section Klipper's configuration to correct this error.

[virtual_sdcard]
path: /home/pi/printer_data/gcodes
2023-03-03 00:41:47,888 [klippy_connection.py:_check_ready()] - Klippy ready
2023-03-03 00:41:48,377 [data_store.py:_init_sensors()] - Configuring available sensors: ['heater_bed', 'temperature_sensor Octopus', 'temperature_sensor RaspberryPi', 'temperature_sensor Enclosure', 'temperature_sensor Fly-SHT', 'extruder']
2023-03-03 00:42:38,075 [common.py:build_error()] - JSON-RPC Request Error: 400
{'error': 'WebRequestError', 'message': 'Unknown stepper stepper_1'}
Traceback (most recent call last):
  File "/home/pi/moonraker/moonraker/common.py", line 541, in execute_method
    result = await callback(params)
  File "/home/pi/moonraker/moonraker/websockets.py", line 113, in func
    result = await callback(
  File "/home/pi/moonraker/moonraker/klippy_connection.py", line 522, in request
    return await self._request_standard(web_request)
  File "/home/pi/moonraker/moonraker/klippy_connection.py", line 577, in _request_standard
    return await base_request.wait()
  File "/home/pi/moonraker/moonraker/klippy_connection.py", line 692, in wait
    raise self.response
moonraker.utils.ServerError: {'error': 'WebRequestError', 'message': 'Unknown stepper stepper_1'}
2023-03-03 00:43:56,380 [app.py:log_request()] - 201 POST /server/files/upload (192.168.4.31) [_TRUSTED_USER_] 19.70ms
2023-03-03 00:43:57,440 [klippy_connection.py:_on_connection_closed()] - Klippy Connection Removed
2023-03-03 00:43:58,699 [klippy_connection.py:_do_connect()] - Klippy Connection Established
2023-03-03 00:44:06,143 [klippy_connection.py:_request_initial_subscriptions()] - Webhooks Subscribed
2023-03-03 00:44:06,145 [klippy_connection.py:_request_initial_subscriptions()] - GCode Output Subscribed
2023-03-03 00:44:06,393 [job_state.py:_handle_started()] - Job state initialized: standby
2023-03-03 00:44:06,657 [server.py:add_warning()] - GCode path received from Klipper does not match expected location.

Received: '/home/pi/gcode_files'
Expected: '/home/pi/printer_data/gcodes'

Modify the [virtual_sdcard] section Klipper's configuration to correct this error.

[virtual_sdcard]
path: /home/pi/printer_data/gcodes
2023-03-03 00:44:06,671 [klippy_connection.py:_check_ready()] - Klippy ready
2023-03-03 00:44:07,163 [data_store.py:_init_sensors()] - Configuring available sensors: ['heater_bed', 'temperature_sensor Octopus', 'temperature_sensor RaspberryPi', 'temperature_sensor Enclosure', 'temperature_sensor Fly-SHT', 'extruder']
2023-03-03 00:46:02,176 [app.py:log_request()] - 201 POST /server/files/upload (192.168.4.31) [_TRUSTED_USER_] 19.63ms
2023-03-03 00:46:03,236 [klippy_connection.py:_on_connection_closed()] - Klippy Connection Removed
2023-03-03 00:46:04,501 [klippy_connection.py:_do_connect()] - Klippy Connection Established
2023-03-03 00:46:11,966 [klippy_connection.py:_request_initial_subscriptions()] - Webhooks Subscribed
2023-03-03 00:46:11,968 [klippy_connection.py:_request_initial_subscriptions()] - GCode Output Subscribed
2023-03-03 00:46:12,218 [job_state.py:_handle_started()] - Job state initialized: standby
2023-03-03 00:46:12,484 [server.py:add_warning()] - GCode path received from Klipper does not match expected location.

Received: '/home/pi/gcode_files'
Expected: '/home/pi/printer_data/gcodes'

Modify the [virtual_sdcard] section Klipper's configuration to correct this error.

[virtual_sdcard]
path: /home/pi/printer_data/gcodes
2023-03-03 00:46:12,495 [klippy_connection.py:_check_ready()] - Klippy ready
2023-03-03 00:46:12,981 [data_store.py:_init_sensors()] - Configuring available sensors: ['heater_bed', 'temperature_sensor Octopus', 'temperature_sensor RaspberryPi', 'temperature_sensor Enclosure', 'temperature_sensor Fly-SHT', 'extruder']
2023-03-03 00:48:50,709 [common.py:build_error()] - JSON-RPC Request Error: 400
{'error': 'WebRequestError', 'message': 'Move out of range: 21.000 333.000 0.000 [0.000]'}
Traceback (most recent call last):
  File "/home/pi/moonraker/moonraker/common.py", line 541, in execute_method
    result = await callback(params)
  File "/home/pi/moonraker/moonraker/websockets.py", line 113, in func
    result = await callback(
  File "/home/pi/moonraker/moonraker/klippy_connection.py", line 522, in request
    return await self._request_standard(web_request)
  File "/home/pi/moonraker/moonraker/klippy_connection.py", line 577, in _request_standard
    return await base_request.wait()
  File "/home/pi/moonraker/moonraker/klippy_connection.py", line 692, in wait
    raise self.response
moonraker.utils.ServerError: {'error': 'WebRequestError', 'message': 'Move out of range: 21.000 333.000 0.000 [0.000]'}
2023-03-03 00:49:01,712 [common.py:build_error()] - JSON-RPC Request Error: 400
{'error': 'WebRequestError', 'message': 'Move out of range: 21.000 331.000 0.000 [0.000]'}
Traceback (most recent call last):
  File "/home/pi/moonraker/moonraker/common.py", line 541, in execute_method
    result = await callback(params)
  File "/home/pi/moonraker/moonraker/websockets.py", line 113, in func
    result = await callback(
  File "/home/pi/moonraker/moonraker/klippy_connection.py", line 522, in request
    return await self._request_standard(web_request)
  File "/home/pi/moonraker/moonraker/klippy_connection.py", line 577, in _request_standard
    return await base_request.wait()
  File "/home/pi/moonraker/moonraker/klippy_connection.py", line 692, in wait
    raise self.response
moonraker.utils.ServerError: {'error': 'WebRequestError', 'message': 'Move out of range: 21.000 331.000 0.000 [0.000]'}
2023-03-03 01:06:58,085 [common.py:build_error()] - JSON-RPC Request Error: 400
Directory does not exist (/home/pi/printer_data/config/ACTIVE)
Traceback (most recent call last):
  File "/home/pi/moonraker/moonraker/common.py", line 541, in execute_method
    result = await callback(params)
  File "/home/pi/moonraker/moonraker/websockets.py", line 113, in func
    result = await callback(
  File "/home/pi/moonraker/moonraker/components/file_manager/file_manager.py", line 452, in _handle_directory_request
    dir_info = self._list_directory(dir_path, root, is_extended)
  File "/home/pi/moonraker/moonraker/components/file_manager/file_manager.py", line 696, in _list_directory
    raise self.server.error(
moonraker.utils.ServerError: Directory does not exist (/home/pi/printer_data/config/ACTIVE)
2023-03-03 01:07:07,232 [klippy_connection.py:_on_connection_closed()] - Klippy Connection Removed
2023-03-03 01:07:36,399 [server.py:_handle_term_signal()] - Exiting with signal SIGTERM
2023-03-03 01:07:36,511 [websockets.py:on_close()] - Websocket Closed: ID: 2823417184 Close Code: 1001, Close Reason: Server Shutdown, Pong Time Elapsed: 7.49
2023-03-03 01:07:36,520 [database.py:close()] - Database statistics:

announcements:
psize: 4096
depth: 0
branch_pages: 0
leaf_pages: 0
overflow_pages: 0
entries: 0
authorized_users:
psize: 4096
depth: 1
branch_pages: 0
leaf_pages: 1
overflow_pages: 0
entries: 1
gcode_metadata:
psize: 4096
depth: 0
branch_pages: 0
leaf_pages: 0
overflow_pages: 0
entries: 0
history:
psize: 4096
depth: 0
branch_pages: 0
leaf_pages: 0
overflow_pages: 0
entries: 0
mainsail:
psize: 4096
depth: 1
branch_pages: 0
leaf_pages: 1
overflow_pages: 0
entries: 4
moonraker:
psize: 4096
depth: 1
branch_pages: 0
leaf_pages: 1
overflow_pages: 0
entries: 6
update_manager:
psize: 4096
depth: 1
branch_pages: 0
leaf_pages: 1
overflow_pages: 0
entries: 5
2023-03-03 01:07:36,528 [server.py:main()] - Server Shutdown
--------------------Moonraker Log Start--------------------
data_path: /home/pi/printer_data
is_default_data_path: False
config_file: /home/pi/printer_data/config/moonraker.conf
startup_warnings: []
verbose: False
debug: False
asyncio_debug: False
is_backup_config: False
is_python_package: False
log_file: /home/pi/printer_data/logs/moonraker.log
software_version: v0.8.0-23-g18f5ff4
python_version: 3.9.2 (default, Mar 12 2021, 04:06:34)  [GCC 10.2.1 20210110]
2023-03-03 01:09:46,774 [loghelper.py:__init__()] - data_path: /home/pi/printer_data
2023-03-03 01:09:46,775 [loghelper.py:__init__()] - is_default_data_path: False
2023-03-03 01:09:46,775 [loghelper.py:__init__()] - config_file: /home/pi/printer_data/config/moonraker.conf
2023-03-03 01:09:46,775 [loghelper.py:__init__()] - startup_warnings: []
2023-03-03 01:09:46,775 [loghelper.py:__init__()] - verbose: False
2023-03-03 01:09:46,775 [loghelper.py:__init__()] - debug: False
2023-03-03 01:09:46,775 [loghelper.py:__init__()] - asyncio_debug: False
2023-03-03 01:09:46,775 [loghelper.py:__init__()] - is_backup_config: False
2023-03-03 01:09:46,775 [loghelper.py:__init__()] - is_python_package: False
2023-03-03 01:09:46,775 [loghelper.py:__init__()] - log_file: /home/pi/printer_data/logs/moonraker.log
2023-03-03 01:09:46,775 [loghelper.py:__init__()] - software_version: v0.8.0-23-g18f5ff4
2023-03-03 01:09:46,775 [loghelper.py:__init__()] - python_version: 3.9.2 (default, Mar 12 2021, 04:06:34)  [GCC 10.2.1 20210110]
2023-03-03 01:09:46,783 [confighelper.py:read_file()] - Configuration File '/home/pi/printer_data/config/moonraker.conf' parsed, total size: 728 B
2023-03-03 01:09:46,783 [server.py:add_log_rollover_item()] - 
#################### Moonraker Configuration ####################

[server]
host = 0.0.0.0
port = 7125
klippy_uds_address = /home/pi/printer_data/comms/klippy.sock

[authorization]
trusted_clients = 
	10.0.0.0/8
	127.0.0.0/8
	169.254.0.0/16
	172.16.0.0/12
	192.168.0.0/16
	FE80::/10
	::1/128
cors_domains = 
	*.lan
	*.local
	*://localhost
	*://localhost:*
	*://my.mainsail.xyz
	*://app.fluidd.xyz

[octoprint_compat]

[history]

[update_manager]
channel = dev
refresh_interval = 168

[update_manager mainsail-config]
type = git_repo
primary_branch = master
path = ~/mainsail-config
origin = https://github.com/mainsail-crew/mainsail-config.git
managed_services = klipper

[update_manager mainsail]
type = web
channel = stable
repo = mainsail-crew/mainsail
path = ~/mainsail

#################################################################
All Configuration Files:
/home/pi/printer_data/config/moonraker.conf
#################################################################
2023-03-03 01:09:46,809 [app.py:register_local_handler()] - Registering HTTP Endpoint: (POST) /server/logs/rollover
2023-03-03 01:09:46,810 [websockets.py:register_api_handler()] - Registering Websocket JSON-RPC methods: server.logs.rollover
2023-03-03 01:09:46,810 [app.py:register_local_handler()] - Registering HTTP Endpoint: (GET) /server/info
2023-03-03 01:09:46,810 [websockets.py:register_api_handler()] - Registering Websocket JSON-RPC methods: server.info
2023-03-03 01:09:46,810 [app.py:register_local_handler()] - Registering HTTP Endpoint: (GET) /server/config
2023-03-03 01:09:46,810 [websockets.py:register_api_handler()] - Registering Websocket JSON-RPC methods: server.config
2023-03-03 01:09:46,810 [app.py:register_local_handler()] - Registering HTTP Endpoint: (POST) /server/restart
2023-03-03 01:09:46,811 [websockets.py:register_api_handler()] - Registering Websocket JSON-RPC methods: server.restart
2023-03-03 01:09:46,875 [server.py:load_component()] - Component (dbus_manager) loaded
2023-03-03 01:09:46,896 [server.py:add_log_rollover_item()] - Unsafe Shutdown Count: 4
2023-03-03 01:09:46,910 [app.py:register_local_handler()] - Registering HTTP Endpoint: (GET) /server/database/list
2023-03-03 01:09:46,911 [websockets.py:register_api_handler()] - Registering Websocket JSON-RPC methods: server.database.list
2023-03-03 01:09:46,911 [app.py:register_local_handler()] - Registering HTTP Endpoint: (GET POST DELETE) /server/database/item
2023-03-03 01:09:46,911 [websockets.py:register_api_handler()] - Registering Websocket JSON-RPC methods: server.database.get_item, server.database.post_item, server.database.delete_item
2023-03-03 01:09:46,912 [server.py:load_component()] - Component (database) loaded
2023-03-03 01:09:46,938 [file_manager.py:__init__()] - Using File System Observer: inotify
2023-03-03 01:09:46,966 [app.py:register_local_handler()] - Registering HTTP Endpoint: (GET) /server/files/list
2023-03-03 01:09:46,967 [websockets.py:register_api_handler()] - Registering Websocket JSON-RPC methods: server.files.list
2023-03-03 01:09:46,967 [app.py:register_local_handler()] - Registering HTTP Endpoint: (GET) /server/files/metadata
2023-03-03 01:09:46,967 [websockets.py:register_api_handler()] - Registering Websocket JSON-RPC methods: server.files.metadata
2023-03-03 01:09:46,967 [app.py:register_local_handler()] - Registering HTTP Endpoint: (POST) /server/files/metascan
2023-03-03 01:09:46,968 [websockets.py:register_api_handler()] - Registering Websocket JSON-RPC methods: server.files.metascan
2023-03-03 01:09:46,968 [app.py:register_local_handler()] - Registering HTTP Endpoint: (GET) /server/files/thumbnails
2023-03-03 01:09:46,969 [websockets.py:register_api_handler()] - Registering Websocket JSON-RPC methods: server.files.thumbnails
2023-03-03 01:09:46,969 [app.py:register_local_handler()] - Registering HTTP Endpoint: (GET) /server/files/roots
2023-03-03 01:09:46,969 [websockets.py:register_api_handler()] - Registering Websocket JSON-RPC methods: server.files.roots
2023-03-03 01:09:46,969 [app.py:register_local_handler()] - Registering HTTP Endpoint: (GET POST DELETE) /server/files/directory
2023-03-03 01:09:46,970 [websockets.py:register_api_handler()] - Registering Websocket JSON-RPC methods: server.files.get_directory, server.files.post_directory, server.files.delete_directory
2023-03-03 01:09:46,970 [app.py:register_local_handler()] - Registering HTTP Endpoint: (POST) /server/files/move
2023-03-03 01:09:46,970 [websockets.py:register_api_handler()] - Registering Websocket JSON-RPC methods: server.files.move
2023-03-03 01:09:46,970 [app.py:register_local_handler()] - Registering HTTP Endpoint: (POST) /server/files/copy
2023-03-03 01:09:46,971 [websockets.py:register_api_handler()] - Registering Websocket JSON-RPC methods: server.files.copy
2023-03-03 01:09:46,971 [app.py:register_local_handler()] - Registering HTTP Endpoint: (POST) /server/files/zip
2023-03-03 01:09:46,971 [websockets.py:register_api_handler()] - Registering Websocket JSON-RPC methods: server.files.zip
2023-03-03 01:09:46,972 [websockets.py:register_api_handler()] - Registering Websocket JSON-RPC methods: server.files.delete_file
2023-03-03 01:09:46,980 [server.py:load_component()] - Component (file_manager) loaded
2023-03-03 01:09:46,983 [app.py:register_local_handler()] - Registering HTTP Endpoint: (POST) /printer/print/pause
2023-03-03 01:09:46,984 [websockets.py:register_api_handler()] - Registering Websocket JSON-RPC methods: printer.print.pause
2023-03-03 01:09:46,984 [app.py:register_local_handler()] - Registering HTTP Endpoint: (POST) /printer/print/resume
2023-03-03 01:09:46,984 [websockets.py:register_api_handler()] - Registering Websocket JSON-RPC methods: printer.print.resume
2023-03-03 01:09:46,984 [app.py:register_local_handler()] - Registering HTTP Endpoint: (POST) /printer/print/cancel
2023-03-03 01:09:46,985 [websockets.py:register_api_handler()] - Registering Websocket JSON-RPC methods: printer.print.cancel
2023-03-03 01:09:46,985 [app.py:register_local_handler()] - Registering HTTP Endpoint: (POST) /printer/print/start
2023-03-03 01:09:46,985 [websockets.py:register_api_handler()] - Registering Websocket JSON-RPC methods: printer.print.start
2023-03-03 01:09:46,985 [app.py:register_local_handler()] - Registering HTTP Endpoint: (POST) /printer/restart
2023-03-03 01:09:46,986 [websockets.py:register_api_handler()] - Registering Websocket JSON-RPC methods: printer.restart
2023-03-03 01:09:46,986 [app.py:register_local_handler()] - Registering HTTP Endpoint: (POST) /printer/firmware_restart
2023-03-03 01:09:46,986 [websockets.py:register_api_handler()] - Registering Websocket JSON-RPC methods: printer.firmware_restart
2023-03-03 01:09:46,986 [server.py:load_component()] - Component (klippy_apis) loaded
2023-03-03 01:09:47,177 [server.py:load_component()] - Component (secrets) loaded
2023-03-03 01:09:47,186 [server.py:load_component()] - Component (template) loaded
2023-03-03 01:09:47,254 [server.py:add_log_rollover_item()] - 
System Info:

***python***
  version: sys.version_info(major=3, minor=9, micro=2, releaselevel='final', serial=0)
  version_string: 3.9.2 (default, Mar 12 2021, 04:06:34)  [GCC 10.2.1 20210110]

***cpu_info***
  cpu_count: 4
  bits: 32bit
  processor: armv7l
  cpu_desc: ARMv7 Processor rev 3 (v7l)
  serial_number: 10000000df4d851c
  hardware_desc: BCM2711
  model: Raspberry Pi 4 Model B Rev 1.5
  total_memory: 1917292
  memory_units: kB

***sd_info***
  manufacturer_id: 03
  manufacturer: Sandisk
  oem_id: 5344
  product_name: SL32G
  product_revision: 8.0
  serial_number: 1ad48933
  manufacturer_date: 5/2021
  capacity: 29.7 GiB
  total_bytes: 31914983424

***distribution***
  name: Raspbian GNU/Linux 11 (bullseye)
  id: raspbian
  version: 11
  version_parts: {'major': '11', 'minor': '', 'build_number': ''}
  like: debian
  codename: bullseye
  release_info: {}

***virtualization***
  virt_type: none
  virt_identifier: none

***network***

***canbus***

***Allowed Services***
  klipper_mcu
  webcamd
  MoonCord
  KlipperScreen
  moonraker-telegram-bot
  moonraker-obico
  sonar
  crowsnest
  octoeverywhere
2023-03-03 01:09:47,258 [server.py:load_component()] - Component (shell_command) loaded
2023-03-03 01:09:47,258 [machine.py:__init__()] - Using System Provider: systemd_dbus
2023-03-03 01:09:47,259 [app.py:register_local_handler()] - Registering HTTP Endpoint: (POST) /machine/reboot
2023-03-03 01:09:47,259 [websockets.py:register_api_handler()] - Registering Websocket JSON-RPC methods: machine.reboot
2023-03-03 01:09:47,259 [app.py:register_local_handler()] - Registering HTTP Endpoint: (POST) /machine/shutdown
2023-03-03 01:09:47,260 [websockets.py:register_api_handler()] - Registering Websocket JSON-RPC methods: machine.shutdown
2023-03-03 01:09:47,260 [app.py:register_local_handler()] - Registering HTTP Endpoint: (POST) /machine/services/restart
2023-03-03 01:09:47,261 [websockets.py:register_api_handler()] - Registering Websocket JSON-RPC methods: machine.services.restart
2023-03-03 01:09:47,261 [app.py:register_local_handler()] - Registering HTTP Endpoint: (POST) /machine/services/stop
2023-03-03 01:09:47,261 [websockets.py:register_api_handler()] - Registering Websocket JSON-RPC methods: machine.services.stop
2023-03-03 01:09:47,262 [app.py:register_local_handler()] - Registering HTTP Endpoint: (POST) /machine/services/start
2023-03-03 01:09:47,262 [websockets.py:register_api_handler()] - Registering Websocket JSON-RPC methods: machine.services.start
2023-03-03 01:09:47,262 [app.py:register_local_handler()] - Registering HTTP Endpoint: (GET) /machine/system_info
2023-03-03 01:09:47,267 [websockets.py:register_api_handler()] - Registering Websocket JSON-RPC methods: machine.system_info
2023-03-03 01:09:47,267 [app.py:register_local_handler()] - Registering HTTP Endpoint: (GET) /machine/sudo/info
2023-03-03 01:09:47,268 [websockets.py:register_api_handler()] - Registering Websocket JSON-RPC methods: machine.sudo.info
2023-03-03 01:09:47,268 [app.py:register_local_handler()] - Registering HTTP Endpoint: (POST) /machine/sudo/password
2023-03-03 01:09:47,269 [websockets.py:register_api_handler()] - Registering Websocket JSON-RPC methods: machine.sudo.password
2023-03-03 01:09:47,272 [server.py:load_component()] - Component (machine) loaded
2023-03-03 01:09:47,277 [app.py:register_local_handler()] - Registering HTTP Endpoint: (GET) /server/temperature_store
2023-03-03 01:09:47,278 [websockets.py:register_api_handler()] - Registering Websocket JSON-RPC methods: server.temperature_store
2023-03-03 01:09:47,278 [app.py:register_local_handler()] - Registering HTTP Endpoint: (GET) /server/gcode_store
2023-03-03 01:09:47,278 [websockets.py:register_api_handler()] - Registering Websocket JSON-RPC methods: server.gcode_store
2023-03-03 01:09:47,278 [server.py:load_component()] - Component (data_store) loaded
2023-03-03 01:09:47,282 [proc_stats.py:__init__()] - Detected 'vcgencmd', throttle checking enabled
2023-03-03 01:09:47,283 [app.py:register_local_handler()] - Registering HTTP Endpoint: (GET) /machine/proc_stats
2023-03-03 01:09:47,283 [websockets.py:register_api_handler()] - Registering Websocket JSON-RPC methods: machine.proc_stats
2023-03-03 01:09:47,284 [server.py:load_component()] - Component (proc_stats) loaded
2023-03-03 01:09:47,286 [server.py:load_component()] - Component (job_state) loaded
2023-03-03 01:09:47,290 [app.py:register_local_handler()] - Registering HTTP Endpoint: (POST DELETE) /server/job_queue/job
2023-03-03 01:09:47,291 [websockets.py:register_api_handler()] - Registering Websocket JSON-RPC methods: server.job_queue.post_job, server.job_queue.delete_job
2023-03-03 01:09:47,291 [app.py:register_local_handler()] - Registering HTTP Endpoint: (POST) /server/job_queue/pause
2023-03-03 01:09:47,292 [websockets.py:register_api_handler()] - Registering Websocket JSON-RPC methods: server.job_queue.pause
2023-03-03 01:09:47,293 [app.py:register_local_handler()] - Registering HTTP Endpoint: (POST) /server/job_queue/start
2023-03-03 01:09:47,295 [websockets.py:register_api_handler()] - Registering Websocket JSON-RPC methods: server.job_queue.start
2023-03-03 01:09:47,295 [app.py:register_local_handler()] - Registering HTTP Endpoint: (GET) /server/job_queue/status
2023-03-03 01:09:47,298 [websockets.py:register_api_handler()] - Registering Websocket JSON-RPC methods: server.job_queue.status
2023-03-03 01:09:47,298 [app.py:register_local_handler()] - Registering HTTP Endpoint: (POST) /server/job_queue/jump
2023-03-03 01:09:47,298 [websockets.py:register_api_handler()] - Registering Websocket JSON-RPC methods: server.job_queue.jump
2023-03-03 01:09:47,299 [server.py:load_component()] - Component (job_queue) loaded
2023-03-03 01:09:47,310 [server.py:load_component()] - Component (http_client) loaded
2023-03-03 01:09:47,314 [app.py:register_local_handler()] - Registering HTTP Endpoint: (GET) /server/announcements/list
2023-03-03 01:09:47,314 [websockets.py:register_api_handler()] - Registering Websocket JSON-RPC methods: server.announcements.list
2023-03-03 01:09:47,314 [app.py:register_local_handler()] - Registering HTTP Endpoint: (POST) /server/announcements/dismiss
2023-03-03 01:09:47,315 [websockets.py:register_api_handler()] - Registering Websocket JSON-RPC methods: server.announcements.dismiss
2023-03-03 01:09:47,315 [app.py:register_local_handler()] - Registering HTTP Endpoint: (POST) /server/announcements/update
2023-03-03 01:09:47,315 [websockets.py:register_api_handler()] - Registering Websocket JSON-RPC methods: server.announcements.update
2023-03-03 01:09:47,315 [app.py:register_local_handler()] - Registering HTTP Endpoint: (POST DELETE) /server/announcements/feed
2023-03-03 01:09:47,315 [websockets.py:register_api_handler()] - Registering Websocket JSON-RPC methods: server.announcements.post_feed, server.announcements.delete_feed
2023-03-03 01:09:47,316 [app.py:register_local_handler()] - Registering HTTP Endpoint: (GET) /server/announcements/feeds
2023-03-03 01:09:47,316 [websockets.py:register_api_handler()] - Registering Websocket JSON-RPC methods: server.announcements.feeds
2023-03-03 01:09:47,316 [server.py:load_component()] - Component (announcements) loaded
2023-03-03 01:09:47,325 [app.py:register_local_handler()] - Registering HTTP Endpoint: (GET) /server/webcams/list
2023-03-03 01:09:47,326 [websockets.py:register_api_handler()] - Registering Websocket JSON-RPC methods: server.webcams.list
2023-03-03 01:09:47,326 [app.py:register_local_handler()] - Registering HTTP Endpoint: (GET POST DELETE) /server/webcams/item
2023-03-03 01:09:47,326 [websockets.py:register_api_handler()] - Registering Websocket JSON-RPC methods: server.webcams.get_item, server.webcams.post_item, server.webcams.delete_item
2023-03-03 01:09:47,326 [app.py:register_local_handler()] - Registering HTTP Endpoint: (POST) /server/webcams/test
2023-03-03 01:09:47,327 [websockets.py:register_api_handler()] - Registering Websocket JSON-RPC methods: server.webcams.test
2023-03-03 01:09:47,327 [server.py:load_component()] - Component (webcam) loaded
2023-03-03 01:09:47,330 [websockets.py:register_api_handler()] - Registering Websocket JSON-RPC methods: connection.send_event
2023-03-03 01:09:47,330 [app.py:register_local_handler()] - Registering HTTP Endpoint: (GET) /server/extensions/list
2023-03-03 01:09:47,331 [websockets.py:register_api_handler()] - Registering Websocket JSON-RPC methods: server.extensions.list
2023-03-03 01:09:47,331 [app.py:register_local_handler()] - Registering HTTP Endpoint: (POST) /server/extensions/request
2023-03-03 01:09:47,331 [websockets.py:register_api_handler()] - Registering Websocket JSON-RPC methods: server.extensions.request
2023-03-03 01:09:47,331 [server.py:load_component()] - Component (extensions) loaded
2023-03-03 01:09:47,335 [app.py:register_local_handler()] - Registering HTTP Endpoint: (GET DELETE) /server/history/job
2023-03-03 01:09:47,336 [websockets.py:register_api_handler()] - Registering Websocket JSON-RPC methods: server.history.get_job, server.history.delete_job
2023-03-03 01:09:47,336 [app.py:register_local_handler()] - Registering HTTP Endpoint: (GET) /server/history/list
2023-03-03 01:09:47,336 [websockets.py:register_api_handler()] - Registering Websocket JSON-RPC methods: server.history.list
2023-03-03 01:09:47,336 [app.py:register_local_handler()] - Registering HTTP Endpoint: (GET) /server/history/totals
2023-03-03 01:09:47,337 [websockets.py:register_api_handler()] - Registering Websocket JSON-RPC methods: server.history.totals
2023-03-03 01:09:47,337 [app.py:register_local_handler()] - Registering HTTP Endpoint: (POST) /server/history/reset_totals
2023-03-03 01:09:47,337 [websockets.py:register_api_handler()] - Registering Websocket JSON-RPC methods: server.history.reset_totals
2023-03-03 01:09:47,337 [server.py:load_component()] - Component (history) loaded
2023-03-03 01:09:47,355 [authorization.py:__init__()] - Authorization Configuration Loaded
Trusted Clients:
10.0.0.0/8
127.0.0.0/8
169.254.0.0/16
172.16.0.0/12
192.168.0.0/16
fe80::/10
::1/128
CORS Domains:
.*\.lan
.*\.local
.*://localhost
.*://localhost:.*
.*://my\.mainsail\.xyz
.*://app\.fluidd\.xyz
2023-03-03 01:09:47,355 [app.py:register_local_handler()] - Registering HTTP Endpoint: (POST) /access/login
2023-03-03 01:09:47,355 [websockets.py:register_api_handler()] - Registering Websocket JSON-RPC methods: access.login
2023-03-03 01:09:47,355 [app.py:register_local_handler()] - Registering HTTP Endpoint: (POST) /access/logout
2023-03-03 01:09:47,356 [websockets.py:register_api_handler()] - Registering Websocket JSON-RPC methods: access.logout
2023-03-03 01:09:47,356 [app.py:register_local_handler()] - Registering HTTP Endpoint: (POST) /access/refresh_jwt
2023-03-03 01:09:47,356 [websockets.py:register_api_handler()] - Registering Websocket JSON-RPC methods: access.refresh_jwt
2023-03-03 01:09:47,356 [app.py:register_local_handler()] - Registering HTTP Endpoint: (GET POST DELETE) /access/user
2023-03-03 01:09:47,356 [websockets.py:register_api_handler()] - Registering Websocket JSON-RPC methods: access.get_user, access.post_user, access.delete_user
2023-03-03 01:09:47,356 [app.py:register_local_handler()] - Registering HTTP Endpoint: (GET) /access/users/list
2023-03-03 01:09:47,357 [websockets.py:register_api_handler()] - Registering Websocket JSON-RPC methods: access.users.list
2023-03-03 01:09:47,357 [app.py:register_local_handler()] - Registering HTTP Endpoint: (POST) /access/user/password
2023-03-03 01:09:47,357 [websockets.py:register_api_handler()] - Registering Websocket JSON-RPC methods: access.user.password
2023-03-03 01:09:47,357 [app.py:register_local_handler()] - Registering HTTP Endpoint: (GET POST) /access/api_key
2023-03-03 01:09:47,357 [websockets.py:register_api_handler()] - Registering Websocket JSON-RPC methods: access.get_api_key, access.post_api_key
2023-03-03 01:09:47,358 [app.py:register_local_handler()] - Registering HTTP Endpoint: (GET) /access/oneshot_token
2023-03-03 01:09:47,358 [websockets.py:register_api_handler()] - Registering Websocket JSON-RPC methods: access.oneshot_token
2023-03-03 01:09:47,358 [app.py:register_local_handler()] - Registering HTTP Endpoint: (GET) /access/info
2023-03-03 01:09:47,358 [websockets.py:register_api_handler()] - Registering Websocket JSON-RPC methods: access.info
2023-03-03 01:09:47,358 [server.py:load_component()] - Component (authorization) loaded
2023-03-03 01:09:47,413 [base_deploy.py:log_info()] - Application moonraker: Detected virtualenv: /home/pi/moonraker-env
2023-03-03 01:09:47,416 [base_deploy.py:log_info()] - Application klipper: Detected virtualenv: /home/pi/klippy-env
2023-03-03 01:09:47,420 [app.py:register_local_handler()] - Registering HTTP Endpoint: (POST) /machine/update/moonraker
2023-03-03 01:09:47,421 [websockets.py:register_api_handler()] - Registering Websocket JSON-RPC methods: machine.update.moonraker
2023-03-03 01:09:47,421 [app.py:register_local_handler()] - Registering HTTP Endpoint: (POST) /machine/update/klipper
2023-03-03 01:09:47,421 [websockets.py:register_api_handler()] - Registering Websocket JSON-RPC methods: machine.update.klipper
2023-03-03 01:09:47,421 [app.py:register_local_handler()] - Registering HTTP Endpoint: (POST) /machine/update/system
2023-03-03 01:09:47,422 [websockets.py:register_api_handler()] - Registering Websocket JSON-RPC methods: machine.update.system
2023-03-03 01:09:47,422 [app.py:register_local_handler()] - Registering HTTP Endpoint: (POST) /machine/update/client
2023-03-03 01:09:47,422 [websockets.py:register_api_handler()] - Registering Websocket JSON-RPC methods: machine.update.client
2023-03-03 01:09:47,422 [app.py:register_local_handler()] - Registering HTTP Endpoint: (POST) /machine/update/full
2023-03-03 01:09:47,423 [websockets.py:register_api_handler()] - Registering Websocket JSON-RPC methods: machine.update.full
2023-03-03 01:09:47,423 [app.py:register_local_handler()] - Registering HTTP Endpoint: (GET) /machine/update/status
2023-03-03 01:09:47,423 [websockets.py:register_api_handler()] - Registering Websocket JSON-RPC methods: machine.update.status
2023-03-03 01:09:47,423 [app.py:register_local_handler()] - Registering HTTP Endpoint: (POST) /machine/update/refresh
2023-03-03 01:09:47,424 [websockets.py:register_api_handler()] - Registering Websocket JSON-RPC methods: machine.update.refresh
2023-03-03 01:09:47,424 [app.py:register_local_handler()] - Registering HTTP Endpoint: (POST) /machine/update/recover
2023-03-03 01:09:47,424 [websockets.py:register_api_handler()] - Registering Websocket JSON-RPC methods: machine.update.recover
2023-03-03 01:09:47,424 [server.py:load_component()] - Component (update_manager) loaded
2023-03-03 01:09:47,431 [app.py:register_local_handler()] - Registering HTTP Endpoint: (GET) /api/version
2023-03-03 01:09:47,431 [app.py:register_local_handler()] - Registering HTTP Endpoint: (GET) /api/server
2023-03-03 01:09:47,431 [app.py:register_local_handler()] - Registering HTTP Endpoint: (POST) /api/login
2023-03-03 01:09:47,432 [app.py:register_local_handler()] - Registering HTTP Endpoint: (GET) /api/currentuser
2023-03-03 01:09:47,432 [app.py:register_local_handler()] - Registering HTTP Endpoint: (GET) /api/settings
2023-03-03 01:09:47,432 [app.py:register_local_handler()] - Registering HTTP Endpoint: (GET) /api/job
2023-03-03 01:09:47,433 [app.py:register_local_handler()] - Registering HTTP Endpoint: (GET) /api/printer
2023-03-03 01:09:47,433 [app.py:register_local_handler()] - Registering HTTP Endpoint: (POST) /api/printer/command
2023-03-03 01:09:47,433 [app.py:register_local_handler()] - Registering HTTP Endpoint: (GET) /api/printerprofiles
2023-03-03 01:09:47,434 [app.py:register_local_handler()] - Registering HTTP Endpoint: (POST) /api/files/moonraker/(?P<relative_path>.+)
2023-03-03 01:09:47,434 [server.py:load_component()] - Component (octoprint_compat) loaded
2023-03-03 01:09:47,443 [server.py:_initialize_component()] - Performing Component Post Init: [dbus_manager]
2023-03-03 01:09:47,457 [server.py:_initialize_component()] - Performing Component Post Init: [file_manager]
2023-03-03 01:09:47,459 [server.py:_initialize_component()] - Performing Component Post Init: [machine]
2023-03-03 01:09:47,460 [machine.py:validation_init()] - Installation version in database up to date
2023-03-03 01:09:47,605 [machine.py:check_virt_status()] - No Virtualization Detected
2023-03-03 01:09:47,620 [machine.py:_find_public_ip()] - Detected Local IP: 192.168.4.51
2023-03-03 01:09:47,623 [webcam.py:_set_default_host_ip()] - Default public webcam address set: http://192.168.4.51
2023-03-03 01:09:47,678 [server.py:add_log_rollover_item()] - 
Systemd unit moonraker.service:
unit_name: moonraker.service
is_default: True
manager: systemd
Properties:
**Requires=['system.slice', 'sysinit.target', '-.mount', 'network-online.target']
**After=['system.slice', 'sysinit.target', '-.mount', 'network-online.target', 'systemd-journald.socket', 'basic.target']
**SupplementaryGroups=['moonraker-admin']
**EnvironmentFiles=/home/pi/printer_data/systemd/moonraker.env
**ExecStart=/home/pi/moonraker-env/bin/python $MOONRAKER_ARGS
**WorkingDirectory=/home/pi/moonraker
**FragmentPath=/etc/systemd/system/moonraker.service
**Description=API Server for Klipper SV1
**User=pi
2023-03-03 01:09:47,678 [server.py:_initialize_component()] - Performing Component Post Init: [proc_stats]
2023-03-03 01:09:47,678 [server.py:_initialize_component()] - Performing Component Post Init: [announcements]
2023-03-03 01:09:47,681 [server.py:_initialize_component()] - Performing Component Post Init: [webcam]
2023-03-03 01:09:47,682 [webcam.py:_set_default_host_ip()] - Default public webcam address set: http://192.168.4.51
2023-03-03 01:09:47,683 [server.py:_initialize_component()] - Performing Component Post Init: [klippy_connection]
2023-03-03 01:09:47,684 [server.py:add_log_rollover_item()] - 
Systemd unit klipper.service:
unit_name: klipper.service
is_default: True
manager: systemd
Properties:
**Requires=['sysinit.target', 'system.slice', '-.mount']
**After=['network-online.target', 'systemd-journald.socket', 'system.slice', 'sysinit.target', 'basic.target', '-.mount']
**SupplementaryGroups=[]
**EnvironmentFiles=/home/pi/printer_data/systemd/klipper.env
**ExecStart=/home/pi/klippy-env/bin/python $KLIPPER_ARGS
**WorkingDirectory=/home/pi/klipper
**FragmentPath=/etc/systemd/system/klipper.service
**Description=Klipper 3D Printer Firmware SV1
**User=pi
2023-03-03 01:09:47,684 [server.py:_initialize_component()] - Performing Component Post Init: [authorization]
2023-03-03 01:09:47,684 [server.py:_initialize_component()] - Performing Component Post Init: [update_manager]
2023-03-03 01:09:47,753 [update_manager.py:initialize()] - PackageDeploy: Using PackageKit Provider
2023-03-03 01:09:47,756 [update_manager.py:initialize()] - 
Initializing Client Updater: 'mainsail',
Channel: stable
path: /home/pi/mainsail
2023-03-03 01:09:47,760 [extensions.py:start_unix_server()] - Creating Unix Domain Socket at '/home/pi/printer_data/comms/moonraker.sock'
2023-03-03 01:09:47,761 [server.py:start_server()] - Starting Moonraker on (0.0.0.0, 7125), Hostname: voron
2023-03-03 01:09:47,762 [app.py:listen()] - SSL Certificate/Key not configured, aborting HTTPS Server startup
2023-03-03 01:09:48,017 [klippy_connection.py:_do_connect()] - Klippy Connection Established
2023-03-03 01:09:48,096 [server.py:add_log_rollover_item()] - 
Systemd unit klipper.service:
unit_name: klipper.service
is_default: True
manager: systemd
Properties:
**Requires=['system.slice', '-.mount', 'sysinit.target']
**After=['systemd-journald.socket', 'sysinit.target', 'system.slice', 'basic.target', '-.mount', 'network-online.target']
**SupplementaryGroups=[]
**EnvironmentFiles=/home/pi/printer_data/systemd/klipper.env
**ExecStart=/home/pi/klippy-env/bin/python $KLIPPER_ARGS
**WorkingDirectory=/home/pi/klipper
**FragmentPath=/etc/systemd/system/klipper.service
**Description=Klipper 3D Printer Firmware SV1
**User=pi
2023-03-03 01:09:48,349 [server.py:add_log_rollover_item()] - Klipper Version: v0.11.0-121-ga5fb2076
2023-03-03 01:09:48,354 [app.py:register_remote_handler()] - Registering HTTP endpoint: (GET POST) /printer/info
2023-03-03 01:09:48,354 [websockets.py:register_api_handler()] - Registering Websocket JSON-RPC methods: printer.info
2023-03-03 01:09:48,354 [app.py:register_remote_handler()] - Registering HTTP endpoint: (GET POST) /printer/emergency_stop
2023-03-03 01:09:48,355 [websockets.py:register_api_handler()] - Registering Websocket JSON-RPC methods: printer.emergency_stop
2023-03-03 01:09:48,355 [app.py:register_remote_handler()] - Registering HTTP endpoint: (GET POST) /printer/gcode/help
2023-03-03 01:09:48,355 [websockets.py:register_api_handler()] - Registering Websocket JSON-RPC methods: printer.gcode.help
2023-03-03 01:09:48,355 [app.py:register_remote_handler()] - Registering HTTP endpoint: (GET POST) /printer/gcode/script
2023-03-03 01:09:48,355 [websockets.py:register_api_handler()] - Registering Websocket JSON-RPC methods: printer.gcode.script
2023-03-03 01:09:48,355 [app.py:register_remote_handler()] - Registering HTTP endpoint: (GET POST) /printer/gcode/restart
2023-03-03 01:09:48,356 [websockets.py:register_api_handler()] - Registering Websocket JSON-RPC methods: printer.gcode.restart
2023-03-03 01:09:48,356 [app.py:register_remote_handler()] - Registering HTTP endpoint: (GET POST) /printer/gcode/firmware_restart
2023-03-03 01:09:48,356 [websockets.py:register_api_handler()] - Registering Websocket JSON-RPC methods: printer.gcode.firmware_restart
2023-03-03 01:09:48,356 [app.py:register_remote_handler()] - Registering HTTP endpoint: (GET POST) /printer/objects/list
2023-03-03 01:09:48,357 [websockets.py:register_api_handler()] - Registering Websocket JSON-RPC methods: printer.objects.list
2023-03-03 01:09:48,357 [app.py:register_remote_handler()] - Registering HTTP endpoint: (GET POST) /printer/objects/query
2023-03-03 01:09:48,357 [websockets.py:register_api_handler()] - Registering Websocket JSON-RPC methods: printer.objects.query
2023-03-03 01:09:48,357 [app.py:register_remote_handler()] - Registering HTTP endpoint: (GET POST) /printer/objects/subscribe
2023-03-03 01:09:48,357 [websockets.py:register_api_handler()] - Registering Websocket JSON-RPC methods: printer.objects.subscribe
2023-03-03 01:09:48,357 [app.py:register_remote_handler()] - Registering HTTP endpoint: (GET POST) /printer/pause_resume/cancel
2023-03-03 01:09:48,358 [websockets.py:register_api_handler()] - Registering Websocket JSON-RPC methods: printer.pause_resume.cancel
2023-03-03 01:09:48,358 [app.py:register_remote_handler()] - Registering HTTP endpoint: (GET POST) /printer/pause_resume/pause
2023-03-03 01:09:48,358 [websockets.py:register_api_handler()] - Registering Websocket JSON-RPC methods: printer.pause_resume.pause
2023-03-03 01:09:48,358 [app.py:register_remote_handler()] - Registering HTTP endpoint: (GET POST) /printer/pause_resume/resume
2023-03-03 01:09:48,358 [websockets.py:register_api_handler()] - Registering Websocket JSON-RPC methods: printer.pause_resume.resume
2023-03-03 01:09:48,358 [app.py:register_remote_handler()] - Registering HTTP endpoint: (GET POST) /printer/motion_report/dump_stepper
2023-03-03 01:09:48,359 [websockets.py:register_api_handler()] - Registering Websocket JSON-RPC methods: printer.motion_report.dump_stepper
2023-03-03 01:09:48,359 [app.py:register_remote_handler()] - Registering HTTP endpoint: (GET POST) /printer/query_endstops/status
2023-03-03 01:09:48,360 [websockets.py:register_api_handler()] - Registering Websocket JSON-RPC methods: printer.query_endstops.status
2023-03-03 01:09:49,786 [authorization.py:_check_trusted_connection()] - Trusted Connection Detected, IP: 192.168.4.31
2023-03-03 01:09:49,788 [app.py:log_request()] - 101 GET /websocket (192.168.4.31) [_TRUSTED_USER_] 3.92ms
2023-03-03 01:09:49,789 [websockets.py:open()] - Websocket Opened: ID: 2814548384, Proxied: True, User Agent: Mozilla/5.0 (Windows NT 10.0; Win64; x64) AppleWebKit/537.36 (KHTML, like Gecko) Chrome/110.0.0.0 Safari/537.36, Host Name: 192.168.4.51
2023-03-03 01:09:49,797 [websockets.py:_handle_identify()] - Websocket 2814548384 Client Identified - Name: mainsail, Version: 2.4.1, Type: web
2023-03-03 01:09:50,278 [klippy_connection.py:_request_initial_subscriptions()] - Webhooks Subscribed
2023-03-03 01:09:50,279 [klippy_connection.py:_request_initial_subscriptions()] - GCode Output Subscribed
2023-03-03 01:09:50,281 [app.py:register_remote_handler()] - Registering HTTP endpoint: (GET POST) /printer/motion_report/dump_trapq
2023-03-03 01:09:50,282 [websockets.py:register_api_handler()] - Registering Websocket JSON-RPC methods: printer.motion_report.dump_trapq
2023-03-03 01:09:50,529 [job_state.py:_handle_started()] - Job state initialized: standby
2023-03-03 01:09:50,798 [server.py:add_warning()] - GCode path received from Klipper does not match expected location.

Received: '/home/pi/gcode_files'
Expected: '/home/pi/printer_data/gcodes'

Modify the [virtual_sdcard] section Klipper's configuration to correct this error.

[virtual_sdcard]
path: /home/pi/printer_data/gcodes
2023-03-03 01:09:50,808 [klippy_connection.py:_check_ready()] - Klippy ready
2023-03-03 01:09:51,309 [data_store.py:_init_sensors()] - Configuring available sensors: ['heater_bed', 'temperature_sensor Octopus', 'temperature_sensor RaspberryPi', 'temperature_sensor Enclosure', 'temperature_sensor Fly-SHT', 'extruder']
